<?xml version="1.0" encoding="UTF-8"?>
<!-- Generated by org.testng.reporters.JUnitReportReporter -->
<testsuite name="com.google.testScript.LoginToTheApplication" tests="1" time="16.769" ignored="0" failures="0" timestamp="24 Mar 2020 11:28:06 GMT" skipped="0" hostname="Ansshu-S-LP" errors="0">
  <testcase name="testLoginToTheApplication" time="16.769" classname="com.google.testScript.LoginToTheApplication"/>
</testsuite> <!-- com.google.testScript.LoginToTheApplication -->
