<?xml version="1.0" encoding="UTF-8"?>
<!-- Generated by org.testng.reporters.JUnitReportReporter -->
<testsuite name="com.google.testScript.LoginToTheApplication" tests="1" time="20.692" ignored="0" failures="0" timestamp="30 Mar 2020 05:02:53 GMT" skipped="0" hostname="Ansshu-S-LP" errors="0">
  <testcase name="testLoginToTheApplication" time="20.692" classname="com.google.testScript.LoginToTheApplication"/>
</testsuite> <!-- com.google.testScript.LoginToTheApplication -->
